<?xml version="1.0" encoding="UTF-8"?>
<coverage generated="1743920544679" clover="3.2.0">
  <project timestamp="1743920544679" name="All files">
    <metrics statements="124" coveredstatements="109" conditionals="63" coveredconditionals="42" methods="46" coveredmethods="38" elements="233" coveredelements="189" complexity="0" loc="124" ncloc="124" packages="3" files="5" classes="5"/>
    <package name="assets">
      <metrics statements="28" coveredstatements="25" conditionals="0" coveredconditionals="0" methods="14" coveredmethods="11"/>
      <file name="icons.tsx" path="/Users/mac/Documents/GitHub/mainstack-test/src/assets/icons.tsx">
        <metrics statements="28" coveredstatements="25" conditionals="0" coveredconditionals="0" methods="14" coveredmethods="11"/>
        <line num="3" count="1" type="stmt"/>
        <line num="4" count="9" type="stmt"/>
        <line num="21" count="1" type="stmt"/>
        <line num="22" count="9" type="stmt"/>
        <line num="54" count="1" type="stmt"/>
        <line num="55" count="9" type="stmt"/>
        <line num="87" count="1" type="stmt"/>
        <line num="88" count="9" type="stmt"/>
        <line num="120" count="1" type="stmt"/>
        <line num="121" count="9" type="stmt"/>
        <line num="153" count="1" type="stmt"/>
        <line num="154" count="9" type="stmt"/>
        <line num="186" count="1" type="stmt"/>
        <line num="187" count="9" type="stmt"/>
        <line num="219" count="1" type="stmt"/>
        <line num="220" count="0" type="stmt"/>
        <line num="253" count="1" type="stmt"/>
        <line num="254" count="0" type="stmt"/>
        <line num="287" count="1" type="stmt"/>
        <line num="288" count="0" type="stmt"/>
        <line num="333" count="1" type="stmt"/>
        <line num="334" count="9" type="stmt"/>
        <line num="404" count="1" type="stmt"/>
        <line num="405" count="9" type="stmt"/>
        <line num="471" count="1" type="stmt"/>
        <line num="472" count="9" type="stmt"/>
        <line num="538" count="1" type="stmt"/>
        <line num="539" count="9" type="stmt"/>
      </file>
    </package>
    <package name="components">
      <metrics statements="84" coveredstatements="75" conditionals="63" coveredconditionals="42" methods="26" coveredmethods="21"/>
      <file name="DatePicker.tsx" path="/Users/mac/Documents/GitHub/mainstack-test/src/components/DatePicker.tsx">
        <metrics statements="44" coveredstatements="37" conditionals="29" coveredconditionals="21" methods="12" coveredmethods="9"/>
        <line num="1" count="1" type="stmt"/>
        <line num="2" count="1" type="stmt"/>
        <line num="3" count="1" type="stmt"/>
        <line num="13" count="1" type="cond" truecount="1" falsecount="2"/>
        <line num="14" count="15" type="stmt"/>
        <line num="15" count="15" type="cond" truecount="2" falsecount="0"/>
        <line num="17" count="15" type="stmt"/>
        <line num="22" count="15" type="stmt"/>
        <line num="24" count="15" type="stmt"/>
        <line num="25" count="5" type="stmt"/>
        <line num="26" count="5" type="stmt"/>
        <line num="27" count="5" type="stmt"/>
        <line num="28" count="5" type="stmt"/>
        <line num="29" count="5" type="stmt"/>
        <line num="32" count="5" type="cond" truecount="1" falsecount="1"/>
        <line num="35" count="5" type="stmt"/>
        <line num="36" count="4" type="stmt"/>
        <line num="40" count="5" type="stmt"/>
        <line num="41" count="151" type="stmt"/>
        <line num="44" count="5" type="stmt"/>
        <line num="47" count="15" type="stmt"/>
        <line num="48" count="0" type="stmt"/>
        <line num="49" count="0" type="cond" truecount="0" falsecount="2"/>
        <line num="50" count="0" type="stmt"/>
        <line num="52" count="0" type="stmt"/>
        <line num="54" count="0" type="stmt"/>
        <line num="57" count="15" type="stmt"/>
        <line num="58" count="3" type="stmt"/>
        <line num="59" count="3" type="stmt"/>
        <line num="60" count="3" type="stmt"/>
        <line num="61" count="3" type="stmt"/>
        <line num="64" count="15" type="stmt"/>
        <line num="65" count="151" type="cond" truecount="2" falsecount="0"/>
        <line num="68" count="15" type="stmt"/>
        <line num="69" count="2" type="stmt"/>
        <line num="70" count="2" type="stmt"/>
        <line num="73" count="15" type="stmt"/>
        <line num="76" count="5" type="stmt"/>
        <line num="103" count="0" type="stmt"/>
        <line num="112" count="0" type="stmt"/>
        <line num="121" count="35" type="stmt"/>
        <line num="129" count="155" type="stmt"/>
        <line num="135" count="2" type="stmt"/>
        <line num="151" count="1" type="stmt"/>
      </file>
      <file name="Layout.tsx" path="/Users/mac/Documents/GitHub/mainstack-test/src/components/Layout.tsx">
        <metrics statements="18" coveredstatements="17" conditionals="14" coveredconditionals="3" methods="5" coveredmethods="4"/>
        <line num="1" count="1" type="stmt"/>
        <line num="2" count="1" type="stmt"/>
        <line num="3" count="1" type="stmt"/>
        <line num="13" count="1" type="stmt"/>
        <line num="14" count="1" type="stmt"/>
        <line num="16" count="1" type="stmt"/>
        <line num="17" count="9" type="stmt"/>
        <line num="18" count="9" type="stmt"/>
        <line num="20" count="9" type="stmt"/>
        <line num="21" count="7" type="stmt"/>
        <line num="22" count="7" type="stmt"/>
        <line num="23" count="7" type="stmt"/>
        <line num="24" count="5" type="stmt"/>
        <line num="26" count="1" type="stmt"/>
        <line num="29" count="7" type="stmt"/>
        <line num="32" count="9" type="stmt"/>
        <line num="87" count="0" type="stmt"/>
        <line num="152" count="1" type="stmt"/>
      </file>
      <file name="MultiSelect.tsx" path="/Users/mac/Documents/GitHub/mainstack-test/src/components/MultiSelect.tsx">
        <metrics statements="22" coveredstatements="21" conditionals="20" coveredconditionals="18" methods="9" coveredmethods="8"/>
        <line num="1" count="1" type="stmt"/>
        <line num="2" count="1" type="stmt"/>
        <line num="3" count="1" type="stmt"/>
        <line num="12" count="1" type="cond" truecount="0" falsecount="1"/>
        <line num="13" count="15" type="stmt"/>
        <line num="14" count="15" type="stmt"/>
        <line num="16" count="15" type="stmt"/>
        <line num="17" count="9" type="stmt"/>
        <line num="18" count="1" type="cond" truecount="3" falsecount="0"/>
        <line num="19" count="1" type="stmt"/>
        <line num="23" count="9" type="stmt"/>
        <line num="24" count="9" type="stmt"/>
        <line num="27" count="15" type="stmt"/>
        <line num="28" count="1" type="cond" truecount="1" falsecount="1"/>
        <line num="29" count="0" type="stmt"/>
        <line num="31" count="1" type="stmt"/>
        <line num="34" count="15" type="cond" truecount="2" falsecount="0"/>
        <line num="38" count="15" type="stmt"/>
        <line num="41" count="5" type="stmt"/>
        <line num="60" count="12" type="stmt"/>
        <line num="62" count="1" type="stmt"/>
        <line num="80" count="1" type="stmt"/>
      </file>
    </package>
    <package name="services">
      <metrics statements="12" coveredstatements="9" conditionals="0" coveredconditionals="0" methods="6" coveredmethods="6"/>
      <file name="api.ts" path="/Users/mac/Documents/GitHub/mainstack-test/src/services/api.ts">
        <metrics statements="12" coveredstatements="9" conditionals="0" coveredconditionals="0" methods="6" coveredmethods="6"/>
        <line num="1" count="1" type="stmt"/>
        <line num="3" count="1" type="stmt"/>
        <line num="5" count="1" type="stmt"/>
        <line num="47" count="1" type="stmt"/>
        <line num="48" count="1" type="stmt"/>
        <line num="49" count="0" type="stmt"/>
        <line num="52" count="2" type="stmt"/>
        <line num="53" count="2" type="stmt"/>
        <line num="54" count="0" type="stmt"/>
        <line num="57" count="2" type="stmt"/>
        <line num="58" count="2" type="stmt"/>
        <line num="59" count="0" type="stmt"/>
      </file>
    </package>
  </project>
</coverage>
