{"/Users/mac/Documents/GitHub/mainstack-test/src/assets/icons.tsx": {"path":"/Users/mac/Documents/GitHub/mainstack-test/src/assets/icons.tsx","statementMap":{"0":{"start":{"line":3,"column":4},"end":{"line":3,"column":20}},"1":{"start":{"line":21,"column":4},"end":{"line":21,"column":20}},"2":{"start":{"line":54,"column":4},"end":{"line":54,"column":20}},"3":{"start":{"line":87,"column":4},"end":{"line":87,"column":20}},"4":{"start":{"line":120,"column":4},"end":{"line":120,"column":20}},"5":{"start":{"line":153,"column":4},"end":{"line":153,"column":20}},"6":{"start":{"line":186,"column":4},"end":{"line":186,"column":20}},"7":{"start":{"line":219,"column":4},"end":{"line":219,"column":20}},"8":{"start":{"line":253,"column":4},"end":{"line":253,"column":20}},"9":{"start":{"line":287,"column":4},"end":{"line":287,"column":20}},"10":{"start":{"line":333,"column":4},"end":{"line":333,"column":20}},"11":{"start":{"line":404,"column":4},"end":{"line":404,"column":20}},"12":{"start":{"line":471,"column":4},"end":{"line":471,"column":20}},"13":{"start":{"line":538,"column":4},"end":{"line":538,"column":20}},"14":{"start":{"line":4,"column":4},"end":{"line":18,"column":null}},"15":{"start":{"line":22,"column":8},"end":{"line":51,"column":null}},"16":{"start":{"line":55,"column":8},"end":{"line":84,"column":null}},"17":{"start":{"line":88,"column":8},"end":{"line":117,"column":null}},"18":{"start":{"line":121,"column":8},"end":{"line":150,"column":null}},"19":{"start":{"line":154,"column":8},"end":{"line":183,"column":null}},"20":{"start":{"line":187,"column":8},"end":{"line":216,"column":null}},"21":{"start":{"line":220,"column":8},"end":{"line":250,"column":null}},"22":{"start":{"line":254,"column":8},"end":{"line":284,"column":null}},"23":{"start":{"line":288,"column":6},"end":{"line":330,"column":null}},"24":{"start":{"line":334,"column":6},"end":{"line":401,"column":null}},"25":{"start":{"line":405,"column":6},"end":{"line":468,"column":null}},"26":{"start":{"line":472,"column":6},"end":{"line":535,"column":null}},"27":{"start":{"line":539,"column":6},"end":{"line":602,"column":null}}},"fnMap":{"0":{"name":"MainStackLogo","decl":{"start":{"line":3,"column":20},"end":{"line":3,"column":33}},"loc":{"start":{"line":3,"column":44},"end":{"line":19,"column":5}}},"1":{"name":"HomeIcon","decl":{"start":{"line":21,"column":20},"end":{"line":21,"column":28}},"loc":{"start":{"line":21,"column":39},"end":{"line":52,"column":5}}},"2":{"name":"RevenueIcon","decl":{"start":{"line":54,"column":20},"end":{"line":54,"column":31}},"loc":{"start":{"line":54,"column":42},"end":{"line":85,"column":5}}},"3":{"name":"AnalyticsIcon","decl":{"start":{"line":87,"column":20},"end":{"line":87,"column":33}},"loc":{"start":{"line":87,"column":44},"end":{"line":118,"column":5}}},"4":{"name":"MenuIcon","decl":{"start":{"line":120,"column":20},"end":{"line":120,"column":28}},"loc":{"start":{"line":120,"column":39},"end":{"line":151,"column":5}}},"5":{"name":"AppIcon","decl":{"start":{"line":153,"column":20},"end":{"line":153,"column":27}},"loc":{"start":{"line":153,"column":38},"end":{"line":184,"column":5}}},"6":{"name":"CRMIcon","decl":{"start":{"line":186,"column":20},"end":{"line":186,"column":27}},"loc":{"start":{"line":186,"column":38},"end":{"line":217,"column":5}}},"7":{"name":"ChatIcon","decl":{"start":{"line":219,"column":20},"end":{"line":219,"column":28}},"loc":{"start":{"line":219,"column":39},"end":{"line":251,"column":5}}},"8":{"name":"BellIcon","decl":{"start":{"line":253,"column":20},"end":{"line":253,"column":28}},"loc":{"start":{"line":253,"column":39},"end":{"line":285,"column":5}}},"9":{"name":"ReceiptIcon","decl":{"start":{"line":287,"column":20},"end":{"line":287,"column":31}},"loc":{"start":{"line":287,"column":42},"end":{"line":331,"column":5}}},"10":{"name":"LinkIcon","decl":{"start":{"line":333,"column":20},"end":{"line":333,"column":28}},"loc":{"start":{"line":333,"column":39},"end":{"line":402,"column":5}}},"11":{"name":"AppBarIcon","decl":{"start":{"line":404,"column":20},"end":{"line":404,"column":30}},"loc":{"start":{"line":404,"column":41},"end":{"line":469,"column":5}}},"12":{"name":"InvoiceIcon","decl":{"start":{"line":471,"column":20},"end":{"line":471,"column":31}},"loc":{"start":{"line":471,"column":42},"end":{"line":536,"column":5}}},"13":{"name":"StoreIcon","decl":{"start":{"line":538,"column":20},"end":{"line":538,"column":29}},"loc":{"start":{"line":538,"column":40},"end":{"line":603,"column":5}}}},"branchMap":{},"s":{"0":1,"1":1,"2":1,"3":1,"4":1,"5":1,"6":1,"7":1,"8":1,"9":1,"10":1,"11":1,"12":1,"13":1,"14":13,"15":13,"16":13,"17":13,"18":13,"19":13,"20":13,"21":0,"22":0,"23":0,"24":13,"25":13,"26":13,"27":13},"f":{"0":13,"1":13,"2":13,"3":13,"4":13,"5":13,"6":13,"7":0,"8":0,"9":0,"10":13,"11":13,"12":13,"13":13},"b":{}}
,"/Users/mac/Documents/GitHub/mainstack-test/src/components/DatePicker.tsx": {"path":"/Users/mac/Documents/GitHub/mainstack-test/src/components/DatePicker.tsx","statementMap":{"0":{"start":{"line":1,"column":0},"end":{"line":1,"column":33}},"1":{"start":{"line":2,"column":0},"end":{"line":2,"column":81}},"2":{"start":{"line":3,"column":0},"end":{"line":3,"column":56}},"3":{"start":{"line":13,"column":19},"end":{"line":153,"column":1}},"4":{"start":{"line":14,"column":30},"end":{"line":14,"column":45}},"5":{"start":{"line":15,"column":40},"end":{"line":15,"column":69}},"6":{"start":{"line":17,"column":17},"end":{"line":20,"column":4}},"7":{"start":{"line":22,"column":21},"end":{"line":22,"column":70}},"8":{"start":{"line":24,"column":25},"end":{"line":45,"column":3}},"9":{"start":{"line":25,"column":17},"end":{"line":25,"column":35}},"10":{"start":{"line":26,"column":18},"end":{"line":26,"column":33}},"11":{"start":{"line":27,"column":24},"end":{"line":27,"column":62}},"12":{"start":{"line":28,"column":28},"end":{"line":28,"column":61}},"13":{"start":{"line":29,"column":17},"end":{"line":29,"column":19}},"14":{"start":{"line":32,"column":21},"end":{"line":32,"column":68}},"15":{"start":{"line":35,"column":4},"end":{"line":37,"column":5}},"16":{"start":{"line":35,"column":17},"end":{"line":35,"column":18}},"17":{"start":{"line":36,"column":6},"end":{"line":36,"column":22}},"18":{"start":{"line":40,"column":4},"end":{"line":42,"column":5}},"19":{"start":{"line":40,"column":17},"end":{"line":40,"column":18}},"20":{"start":{"line":41,"column":6},"end":{"line":41,"column":42}},"21":{"start":{"line":44,"column":4},"end":{"line":44,"column":16}},"22":{"start":{"line":47,"column":24},"end":{"line":55,"column":3}},"23":{"start":{"line":48,"column":20},"end":{"line":48,"column":41}},"24":{"start":{"line":49,"column":4},"end":{"line":53,"column":5}},"25":{"start":{"line":50,"column":6},"end":{"line":50,"column":47}},"26":{"start":{"line":52,"column":6},"end":{"line":52,"column":47}},"27":{"start":{"line":54,"column":4},"end":{"line":54,"column":28}},"28":{"start":{"line":57,"column":21},"end":{"line":62,"column":3}},"29":{"start":{"line":58,"column":16},"end":{"line":58,"column":30}},"30":{"start":{"line":59,"column":18},"end":{"line":59,"column":41}},"31":{"start":{"line":60,"column":17},"end":{"line":60,"column":35}},"32":{"start":{"line":61,"column":4},"end":{"line":61,"column":37}},"33":{"start":{"line":64,"column":21},"end":{"line":66,"column":3}},"34":{"start":{"line":65,"column":4},"end":{"line":65,"column":65}},"35":{"start":{"line":68,"column":27},"end":{"line":71,"column":3}},"36":{"start":{"line":69,"column":4},"end":{"line":69,"column":19}},"37":{"start":{"line":70,"column":4},"end":{"line":70,"column":21}},"38":{"start":{"line":73,"column":2},"end":{"line":152,"column":4}},"39":{"start":{"line":77,"column":23},"end":{"line":77,"column":41}},"40":{"start":{"line":106,"column":31},"end":{"line":106,"column":52}},"41":{"start":{"line":116,"column":31},"end":{"line":116,"column":52}},"42":{"start":{"line":125,"column":16},"end":{"line":125,"column":31}},"43":{"start":{"line":133,"column":16},"end":{"line":134,"column":null}},"44":{"start":{"line":139,"column":37},"end":{"line":139,"column":59}},"45":{"start":{"line":155,"column":0},"end":{"line":155,"column":26}}},"fnMap":{"0":{"name":"(anonymous_0)","decl":{"start":{"line":13,"column":19},"end":{"line":13,"column":20}},"loc":{"start":{"line":13,"column":124},"end":{"line":153,"column":1}}},"1":{"name":"(anonymous_1)","decl":{"start":{"line":24,"column":25},"end":{"line":24,"column":26}},"loc":{"start":{"line":24,"column":40},"end":{"line":45,"column":3}}},"2":{"name":"(anonymous_2)","decl":{"start":{"line":47,"column":24},"end":{"line":47,"column":25}},"loc":{"start":{"line":47,"column":55},"end":{"line":55,"column":3}}},"3":{"name":"(anonymous_3)","decl":{"start":{"line":57,"column":21},"end":{"line":57,"column":22}},"loc":{"start":{"line":57,"column":36},"end":{"line":62,"column":3}}},"4":{"name":"(anonymous_4)","decl":{"start":{"line":64,"column":21},"end":{"line":64,"column":22}},"loc":{"start":{"line":64,"column":36},"end":{"line":66,"column":3}}},"5":{"name":"(anonymous_5)","decl":{"start":{"line":68,"column":27},"end":{"line":68,"column":28}},"loc":{"start":{"line":68,"column":42},"end":{"line":71,"column":3}}},"6":{"name":"(anonymous_6)","decl":{"start":{"line":77,"column":17},"end":{"line":77,"column":20}},"loc":{"start":{"line":77,"column":23},"end":{"line":77,"column":41}}},"7":{"name":"(anonymous_7)","decl":{"start":{"line":106,"column":25},"end":{"line":106,"column":28}},"loc":{"start":{"line":106,"column":31},"end":{"line":106,"column":52}}},"8":{"name":"(anonymous_8)","decl":{"start":{"line":116,"column":25},"end":{"line":116,"column":28}},"loc":{"start":{"line":116,"column":31},"end":{"line":116,"column":52}}},"9":{"name":"(anonymous_9)","decl":{"start":{"line":124,"column":30},"end":{"line":124,"column":33}},"loc":{"start":{"line":125,"column":16},"end":{"line":125,"column":31}}},"10":{"name":"(anonymous_10)","decl":{"start":{"line":132,"column":47},"end":{"line":132,"column":48}},"loc":{"start":{"line":133,"column":16},"end":{"line":134,"column":null}}},"11":{"name":"(anonymous_11)","decl":{"start":{"line":139,"column":31},"end":{"line":139,"column":34}},"loc":{"start":{"line":139,"column":37},"end":{"line":139,"column":59}}}},"branchMap":{"0":{"loc":{"start":{"line":13,"column":39},"end":{"line":13,"column":66}},"type":"default-arg","locations":[{"start":{"line":13,"column":53},"end":{"line":13,"column":66}}]},"1":{"loc":{"start":{"line":13,"column":68},"end":{"line":13,"column":82}},"type":"default-arg","locations":[{"start":{"line":13,"column":78},"end":{"line":13,"column":82}}]},"2":{"loc":{"start":{"line":13,"column":84},"end":{"line":13,"column":101}},"type":"default-arg","locations":[{"start":{"line":13,"column":96},"end":{"line":13,"column":101}}]},"3":{"loc":{"start":{"line":15,"column":49},"end":{"line":15,"column":68}},"type":"binary-expr","locations":[{"start":{"line":15,"column":49},"end":{"line":15,"column":54}},{"start":{"line":15,"column":58},"end":{"line":15,"column":68}}]},"4":{"loc":{"start":{"line":32,"column":21},"end":{"line":32,"column":68}},"type":"cond-expr","locations":[{"start":{"line":32,"column":45},"end":{"line":32,"column":46}},{"start":{"line":32,"column":49},"end":{"line":32,"column":68}}]},"5":{"loc":{"start":{"line":49,"column":4},"end":{"line":53,"column":5}},"type":"if","locations":[{"start":{"line":49,"column":4},"end":{"line":53,"column":5}},{"start":{"line":51,"column":11},"end":{"line":53,"column":5}}]},"6":{"loc":{"start":{"line":65,"column":11},"end":{"line":65,"column":64}},"type":"binary-expr","locations":[{"start":{"line":65,"column":11},"end":{"line":65,"column":16}},{"start":{"line":65,"column":20},"end":{"line":65,"column":64}}]},"7":{"loc":{"start":{"line":78,"column":33},"end":{"line":78,"column":91}},"type":"cond-expr","locations":[{"start":{"line":78,"column":42},"end":{"line":78,"column":74}},{"start":{"line":78,"column":77},"end":{"line":78,"column":91}}]},"8":{"loc":{"start":{"line":80,"column":25},"end":{"line":80,"column":63}},"type":"cond-expr","locations":[{"start":{"line":80,"column":33},"end":{"line":80,"column":45}},{"start":{"line":80,"column":48},"end":{"line":80,"column":63}}]},"9":{"loc":{"start":{"line":81,"column":11},"end":{"line":81,"column":50}},"type":"cond-expr","locations":[{"start":{"line":81,"column":19},"end":{"line":81,"column":36}},{"start":{"line":81,"column":39},"end":{"line":81,"column":50}}]},"10":{"loc":{"start":{"line":83,"column":9},"end":{"line":83,"column":122}},"type":"cond-expr","locations":[{"start":{"line":83,"column":19},"end":{"line":83,"column":67}},{"start":{"line":83,"column":70},"end":{"line":83,"column":122}}]},"11":{"loc":{"start":{"line":87,"column":9},"end":{"line":148,"column":null}},"type":"binary-expr","locations":[{"start":{"line":87,"column":9},"end":{"line":87,"column":15}},{"start":{"line":88,"column":10},"end":{"line":147,"column":null}}]},"12":{"loc":{"start":{"line":99,"column":21},"end":{"line":99,"column":43}},"type":"cond-expr","locations":[{"start":{"line":99,"column":33},"end":{"line":99,"column":34}},{"start":{"line":99,"column":37},"end":{"line":99,"column":43}}]},"13":{"loc":{"start":{"line":100,"column":25},"end":{"line":100,"column":61}},"type":"cond-expr","locations":[{"start":{"line":100,"column":37},"end":{"line":100,"column":52}},{"start":{"line":100,"column":55},"end":{"line":100,"column":61}}]},"14":{"loc":{"start":{"line":137,"column":19},"end":{"line":143,"column":null}},"type":"binary-expr","locations":[{"start":{"line":137,"column":19},"end":{"line":137,"column":23}},{"start":{"line":138,"column":20},"end":{"line":142,"column":null}}]},"15":{"loc":{"start":{"line":140,"column":90},"end":{"line":140,"column":152}},"type":"cond-expr","locations":[{"start":{"line":140,"column":109},"end":{"line":140,"column":130}},{"start":{"line":140,"column":133},"end":{"line":140,"column":152}}]}},"s":{"0":1,"1":1,"2":1,"3":1,"4":24,"5":24,"6":24,"7":24,"8":24,"9":9,"10":9,"11":9,"12":9,"13":9,"14":9,"15":9,"16":9,"17":15,"18":9,"19":9,"20":270,"21":9,"22":24,"23":1,"24":1,"25":1,"26":0,"27":1,"28":24,"29":3,"30":3,"31":3,"32":3,"33":24,"34":270,"35":24,"36":1,"37":1,"38":24,"39":9,"40":1,"41":0,"42":63,"43":285,"44":1,"45":1},"f":{"0":24,"1":9,"2":1,"3":3,"4":270,"5":1,"6":9,"7":1,"8":0,"9":63,"10":285,"11":1},"b":{"0":[23],"1":[23],"2":[22],"3":[24,21],"4":[0,9],"5":[1,0],"6":[270,29],"7":[9,15],"8":[3,21],"9":[3,21],"10":[23,1],"11":[24,9],"12":[1,8],"13":[1,8],"14":[285,270],"15":[1,269]}}
,"/Users/mac/Documents/GitHub/mainstack-test/src/components/Layout.tsx": {"path":"/Users/mac/Documents/GitHub/mainstack-test/src/components/Layout.tsx","statementMap":{"0":{"start":{"line":1,"column":0},"end":{"line":1,"column":44}},"1":{"start":{"line":2,"column":0},"end":{"line":2,"column":39}},"2":{"start":{"line":3,"column":0},"end":{"line":3,"column":null}},"3":{"start":{"line":13,"column":0},"end":{"line":13,"column":160}},"4":{"start":{"line":14,"column":0},"end":{"line":14,"column":48}},"5":{"start":{"line":16,"column":15},"end":{"line":151,"column":1}},"6":{"start":{"line":17,"column":44},"end":{"line":17,"column":59}},"7":{"start":{"line":18,"column":26},"end":{"line":18,"column":53}},"8":{"start":{"line":20,"column":2},"end":{"line":30,"column":9}},"9":{"start":{"line":21,"column":22},"end":{"line":28,"column":6}},"10":{"start":{"line":21,"column":33},"end":{"line":28,"column":6}},"11":{"start":{"line":22,"column":6},"end":{"line":27,"column":7}},"12":{"start":{"line":23,"column":25},"end":{"line":23,"column":40}},"13":{"start":{"line":24,"column":8},"end":{"line":24,"column":26}},"14":{"start":{"line":26,"column":8},"end":{"line":26,"column":59}},"15":{"start":{"line":29,"column":4},"end":{"line":29,"column":16}},"16":{"start":{"line":32,"column":2},"end":{"line":150,"column":4}},"17":{"start":{"line":87,"column":31},"end":{"line":87,"column":63}},"18":{"start":{"line":153,"column":0},"end":{"line":153,"column":22}}},"fnMap":{"0":{"name":"(anonymous_7)","decl":{"start":{"line":16,"column":15},"end":{"line":16,"column":16}},"loc":{"start":{"line":16,"column":63},"end":{"line":151,"column":1}}},"1":{"name":"(anonymous_8)","decl":{"start":{"line":20,"column":12},"end":{"line":20,"column":15}},"loc":{"start":{"line":20,"column":17},"end":{"line":30,"column":3}}},"2":{"name":"(anonymous_9)","decl":{"start":{"line":21,"column":22},"end":{"line":21,"column":31}},"loc":{"start":{"line":21,"column":33},"end":{"line":28,"column":6}}},"3":{"name":"(anonymous_10)","decl":{"start":{"line":21,"column":33},"end":{"line":21,"column":null}},"loc":{"start":{"line":21,"column":33},"end":{"line":28,"column":5}}},"4":{"name":"(anonymous_11)","decl":{"start":{"line":87,"column":25},"end":{"line":87,"column":28}},"loc":{"start":{"line":87,"column":31},"end":{"line":87,"column":63}}}},"branchMap":{"0":{"loc":{"start":{"line":92,"column":19},"end":{"line":92,"column":76}},"type":"cond-expr","locations":[{"start":{"line":92,"column":26},"end":{"line":92,"column":69}},{"start":{"line":92,"column":72},"end":{"line":92,"column":76}}]},"1":{"loc":{"start":{"line":96,"column":13},"end":{"line":139,"column":null}},"type":"binary-expr","locations":[{"start":{"line":96,"column":13},"end":{"line":96,"column":26}},{"start":{"line":97,"column":16},"end":{"line":138,"column":null}}]},"2":{"loc":{"start":{"line":105,"column":27},"end":{"line":105,"column":84}},"type":"cond-expr","locations":[{"start":{"line":105,"column":34},"end":{"line":105,"column":77}},{"start":{"line":105,"column":80},"end":{"line":105,"column":84}}]},"3":{"loc":{"start":{"line":108,"column":58},"end":{"line":108,"column":118}},"type":"cond-expr","locations":[{"start":{"line":108,"column":65},"end":{"line":108,"column":103}},{"start":{"line":108,"column":106},"end":{"line":108,"column":118}}]},"4":{"loc":{"start":{"line":109,"column":68},"end":{"line":109,"column":95}},"type":"binary-expr","locations":[{"start":{"line":109,"column":68},"end":{"line":109,"column":79}},{"start":{"line":109,"column":83},"end":{"line":109,"column":95}}]},"5":{"loc":{"start":{"line":109,"column":68},"end":{"line":109,"column":79}},"type":"cond-expr","locations":[{"start":{"line":109,"column":72},"end":{"line":109,"column":74}},{"start":{"line":109,"column":68},"end":{"line":109,"column":79}}]},"6":{"loc":{"start":{"line":109,"column":68},"end":{"line":109,"column":74}},"type":"binary-expr","locations":[{"start":{"line":109,"column":68},"end":{"line":109,"column":74}},{"start":{"line":109,"column":68},"end":{"line":109,"column":74}}]}},"s":{"0":1,"1":1,"2":1,"3":1,"4":1,"5":1,"6":13,"7":13,"8":13,"9":8,"10":8,"11":8,"12":8,"13":6,"14":1,"15":8,"16":13,"17":2,"18":1},"f":{"0":13,"1":8,"2":8,"3":8,"4":2},"b":{"0":[5,8],"1":[13,1],"2":[1,0],"3":[1,0],"4":[1,0],"5":[0,1],"6":[1,1]}}
,"/Users/mac/Documents/GitHub/mainstack-test/src/components/MultiSelect.tsx": {"path":"/Users/mac/Documents/GitHub/mainstack-test/src/components/MultiSelect.tsx","statementMap":{"0":{"start":{"line":1,"column":0},"end":{"line":1,"column":52}},"1":{"start":{"line":2,"column":0},"end":{"line":2,"column":56}},"2":{"start":{"line":3,"column":0},"end":{"line":3,"column":61}},"3":{"start":{"line":12,"column":20},"end":{"line":78,"column":1}},"4":{"start":{"line":13,"column":30},"end":{"line":13,"column":45}},"5":{"start":{"line":14,"column":22},"end":{"line":14,"column":50}},"6":{"start":{"line":16,"column":2},"end":{"line":25,"column":9}},"7":{"start":{"line":17,"column":31},"end":{"line":21,"column":5}},"8":{"start":{"line":18,"column":6},"end":{"line":20,"column":7}},"9":{"start":{"line":19,"column":8},"end":{"line":19,"column":25}},"10":{"start":{"line":23,"column":4},"end":{"line":23,"column":63}},"11":{"start":{"line":24,"column":4},"end":{"line":24,"column":79}},"12":{"start":{"line":24,"column":17},"end":{"line":24,"column":78}},"13":{"start":{"line":27,"column":23},"end":{"line":32,"column":3}},"14":{"start":{"line":28,"column":21},"end":{"line":30,"column":26}},"15":{"start":{"line":29,"column":29},"end":{"line":29,"column":44}},"16":{"start":{"line":31,"column":4},"end":{"line":31,"column":23}},"17":{"start":{"line":34,"column":23},"end":{"line":36,"column":17}},"18":{"start":{"line":38,"column":2},"end":{"line":77,"column":4}},"19":{"start":{"line":41,"column":23},"end":{"line":41,"column":41}},"20":{"start":{"line":60,"column":14},"end":{"line":61,"column":null}},"21":{"start":{"line":62,"column":31},"end":{"line":62,"column":51}},"22":{"start":{"line":80,"column":0},"end":{"line":80,"column":27}}},"fnMap":{"0":{"name":"(anonymous_0)","decl":{"start":{"line":12,"column":20},"end":{"line":12,"column":21}},"loc":{"start":{"line":12,"column":103},"end":{"line":78,"column":1}}},"1":{"name":"(anonymous_1)","decl":{"start":{"line":16,"column":12},"end":{"line":16,"column":15}},"loc":{"start":{"line":16,"column":17},"end":{"line":25,"column":3}}},"2":{"name":"(anonymous_2)","decl":{"start":{"line":17,"column":31},"end":{"line":17,"column":32}},"loc":{"start":{"line":17,"column":53},"end":{"line":21,"column":5}}},"3":{"name":"(anonymous_3)","decl":{"start":{"line":24,"column":11},"end":{"line":24,"column":14}},"loc":{"start":{"line":24,"column":17},"end":{"line":24,"column":78}}},"4":{"name":"(anonymous_4)","decl":{"start":{"line":27,"column":23},"end":{"line":27,"column":24}},"loc":{"start":{"line":27,"column":42},"end":{"line":32,"column":3}}},"5":{"name":"(anonymous_5)","decl":{"start":{"line":29,"column":21},"end":{"line":29,"column":25}},"loc":{"start":{"line":29,"column":29},"end":{"line":29,"column":44}}},"6":{"name":"(anonymous_6)","decl":{"start":{"line":41,"column":17},"end":{"line":41,"column":20}},"loc":{"start":{"line":41,"column":23},"end":{"line":41,"column":41}}},"7":{"name":"(anonymous_7)","decl":{"start":{"line":59,"column":25},"end":{"line":59,"column":26}},"loc":{"start":{"line":60,"column":14},"end":{"line":61,"column":null}}},"8":{"name":"(anonymous_8)","decl":{"start":{"line":62,"column":25},"end":{"line":62,"column":28}},"loc":{"start":{"line":62,"column":31},"end":{"line":62,"column":51}}}},"branchMap":{"0":{"loc":{"start":{"line":12,"column":49},"end":{"line":12,"column":79}},"type":"default-arg","locations":[{"start":{"line":12,"column":63},"end":{"line":12,"column":79}}]},"1":{"loc":{"start":{"line":18,"column":6},"end":{"line":20,"column":7}},"type":"if","locations":[{"start":{"line":18,"column":6},"end":{"line":20,"column":7}}]},"2":{"loc":{"start":{"line":18,"column":10},"end":{"line":18,"column":84}},"type":"binary-expr","locations":[{"start":{"line":18,"column":10},"end":{"line":18,"column":29}},{"start":{"line":18,"column":33},"end":{"line":18,"column":84}}]},"3":{"loc":{"start":{"line":28,"column":21},"end":{"line":30,"column":26}},"type":"cond-expr","locations":[{"start":{"line":29,"column":8},"end":{"line":29,"column":45}},{"start":{"line":30,"column":8},"end":{"line":30,"column":26}}]},"4":{"loc":{"start":{"line":34,"column":23},"end":{"line":36,"column":17}},"type":"cond-expr","locations":[{"start":{"line":35,"column":6},"end":{"line":35,"column":22}},{"start":{"line":36,"column":6},"end":{"line":36,"column":17}}]},"5":{"loc":{"start":{"line":42,"column":33},"end":{"line":42,"column":91}},"type":"cond-expr","locations":[{"start":{"line":42,"column":42},"end":{"line":42,"column":74}},{"start":{"line":42,"column":77},"end":{"line":42,"column":91}}]},"6":{"loc":{"start":{"line":44,"column":37},"end":{"line":44,"column":86}},"type":"cond-expr","locations":[{"start":{"line":44,"column":56},"end":{"line":44,"column":68}},{"start":{"line":44,"column":71},"end":{"line":44,"column":86}}]},"7":{"loc":{"start":{"line":47,"column":9},"end":{"line":47,"column":69}},"type":"cond-expr","locations":[{"start":{"line":47,"column":18},"end":{"line":47,"column":41}},{"start":{"line":47,"column":44},"end":{"line":47,"column":69}}]},"8":{"loc":{"start":{"line":51,"column":9},"end":{"line":73,"column":null}},"type":"binary-expr","locations":[{"start":{"line":51,"column":9},"end":{"line":51,"column":15}},{"start":{"line":52,"column":10},"end":{"line":72,"column":null}}]},"9":{"loc":{"start":{"line":66,"column":88},"end":{"line":66,"column":156}},"type":"cond-expr","locations":[{"start":{"line":66,"column":113},"end":{"line":66,"column":136}},{"start":{"line":66,"column":139},"end":{"line":66,"column":156}}]},"10":{"loc":{"start":{"line":68,"column":19},"end":{"line":68,"column":87}},"type":"binary-expr","locations":[{"start":{"line":68,"column":19},"end":{"line":68,"column":41}},{"start":{"line":68,"column":45},"end":{"line":68,"column":87}}]}},"s":{"0":1,"1":1,"2":1,"3":1,"4":15,"5":15,"6":15,"7":9,"8":1,"9":1,"10":9,"11":9,"12":9,"13":15,"14":1,"15":0,"16":1,"17":15,"18":15,"19":5,"20":12,"21":1,"22":1},"f":{"0":15,"1":9,"2":1,"3":9,"4":1,"5":0,"6":5,"7":12,"8":1},"b":{"0":[0],"1":[1],"2":[1,1],"3":[0,1],"4":[5,10],"5":[5,10],"6":[5,10],"7":[5,10],"8":[15,5],"9":[1,11],"10":[12,1]}}
,"/Users/mac/Documents/GitHub/mainstack-test/src/services/api.ts": {"path":"/Users/mac/Documents/GitHub/mainstack-test/src/services/api.ts","statementMap":{"0":{"start":{"line":1,"column":0},"end":{"line":1,"column":26}},"1":{"start":{"line":3,"column":17},"end":{"line":3,"column":51}},"2":{"start":{"line":5,"column":12},"end":{"line":10,"column":2}},"3":{"start":{"line":47,"column":23},"end":{"line":50,"column":2}},"4":{"start":{"line":47,"column":49},"end":{"line":50,"column":2}},"5":{"start":{"line":48,"column":19},"end":{"line":48,"column":41}},"6":{"start":{"line":49,"column":2},"end":{"line":49,"column":23}},"7":{"start":{"line":47,"column":13},"end":{"line":47,"column":23}},"8":{"start":{"line":52,"column":25},"end":{"line":55,"column":2}},"9":{"start":{"line":52,"column":53},"end":{"line":55,"column":2}},"10":{"start":{"line":53,"column":19},"end":{"line":53,"column":43}},"11":{"start":{"line":54,"column":2},"end":{"line":54,"column":23}},"12":{"start":{"line":52,"column":13},"end":{"line":52,"column":25}},"13":{"start":{"line":57,"column":31},"end":{"line":60,"column":2}},"14":{"start":{"line":57,"column":66},"end":{"line":60,"column":2}},"15":{"start":{"line":58,"column":19},"end":{"line":58,"column":49}},"16":{"start":{"line":59,"column":2},"end":{"line":59,"column":23}},"17":{"start":{"line":57,"column":13},"end":{"line":57,"column":31}}},"fnMap":{"0":{"name":"(anonymous_8)","decl":{"start":{"line":47,"column":23},"end":{"line":47,"column":47}},"loc":{"start":{"line":47,"column":49},"end":{"line":50,"column":2}}},"1":{"name":"(anonymous_9)","decl":{"start":{"line":47,"column":49},"end":{"line":47,"column":null}},"loc":{"start":{"line":47,"column":49},"end":{"line":50,"column":1}}},"2":{"name":"(anonymous_10)","decl":{"start":{"line":52,"column":25},"end":{"line":52,"column":51}},"loc":{"start":{"line":52,"column":53},"end":{"line":55,"column":2}}},"3":{"name":"(anonymous_11)","decl":{"start":{"line":52,"column":53},"end":{"line":52,"column":null}},"loc":{"start":{"line":52,"column":53},"end":{"line":55,"column":1}}},"4":{"name":"(anonymous_12)","decl":{"start":{"line":57,"column":31},"end":{"line":57,"column":64}},"loc":{"start":{"line":57,"column":66},"end":{"line":60,"column":2}}},"5":{"name":"(anonymous_13)","decl":{"start":{"line":57,"column":66},"end":{"line":57,"column":null}},"loc":{"start":{"line":57,"column":66},"end":{"line":60,"column":1}}}},"branchMap":{},"s":{"0":1,"1":1,"2":1,"3":1,"4":2,"5":2,"6":0,"7":1,"8":1,"9":2,"10":2,"11":0,"12":1,"13":1,"14":3,"15":3,"16":0,"17":1},"f":{"0":2,"1":2,"2":2,"3":2,"4":3,"5":3},"b":{}}
}
