TN:
SF:src/assets/icons.tsx
FN:3,MainStackLogo
FN:21,HomeIcon
FN:54,RevenueIcon
FN:87,AnalyticsIcon
FN:120,MenuIcon
FN:153,AppIcon
FN:186,CRMIcon
FN:219,ChatIcon
FN:253,BellIcon
FN:287,ReceiptIcon
FN:333,LinkIcon
FN:404,AppBarIcon
FN:471,InvoiceIcon
FN:538,StoreIcon
FNF:14
FNH:11
FNDA:9,MainStackLogo
FNDA:9,HomeIcon
FNDA:9,RevenueIcon
FNDA:9,AnalyticsIcon
FNDA:9,MenuIcon
FNDA:9,AppIcon
FNDA:9,CRMIcon
FNDA:0,ChatIcon
FNDA:0,BellIcon
FNDA:0,ReceiptIcon
FNDA:9,LinkIcon
FNDA:9,AppBarIcon
FNDA:9,InvoiceIcon
FNDA:9,StoreIcon
DA:3,1
DA:4,9
DA:21,1
DA:22,9
DA:54,1
DA:55,9
DA:87,1
DA:88,9
DA:120,1
DA:121,9
DA:153,1
DA:154,9
DA:186,1
DA:187,9
DA:219,1
DA:220,0
DA:253,1
DA:254,0
DA:287,1
DA:288,0
DA:333,1
DA:334,9
DA:404,1
DA:405,9
DA:471,1
DA:472,9
DA:538,1
DA:539,9
LF:28
LH:25
BRF:0
BRH:0
end_of_record
TN:
SF:src/components/DatePicker.tsx
FN:13,(anonymous_0)
FN:24,(anonymous_1)
FN:47,(anonymous_2)
FN:57,(anonymous_3)
FN:64,(anonymous_4)
FN:68,(anonymous_5)
FN:76,(anonymous_6)
FN:103,(anonymous_7)
FN:112,(anonymous_8)
FN:120,(anonymous_9)
FN:128,(anonymous_10)
FN:135,(anonymous_11)
FNF:12
FNH:9
FNDA:15,(anonymous_0)
FNDA:5,(anonymous_1)
FNDA:0,(anonymous_2)
FNDA:3,(anonymous_3)
FNDA:151,(anonymous_4)
FNDA:2,(anonymous_5)
FNDA:5,(anonymous_6)
FNDA:0,(anonymous_7)
FNDA:0,(anonymous_8)
FNDA:35,(anonymous_9)
FNDA:155,(anonymous_10)
FNDA:2,(anonymous_11)
DA:1,1
DA:2,1
DA:3,1
DA:13,1
DA:14,15
DA:15,15
DA:17,15
DA:22,15
DA:24,15
DA:25,5
DA:26,5
DA:27,5
DA:28,5
DA:29,5
DA:32,5
DA:35,5
DA:36,4
DA:40,5
DA:41,151
DA:44,5
DA:47,15
DA:48,0
DA:49,0
DA:50,0
DA:52,0
DA:54,0
DA:57,15
DA:58,3
DA:59,3
DA:60,3
DA:61,3
DA:64,15
DA:65,151
DA:68,15
DA:69,2
DA:70,2
DA:73,15
DA:76,5
DA:103,0
DA:112,0
DA:121,35
DA:129,155
DA:135,2
DA:151,1
LF:44
LH:37
BRDA:13,0,0,0
BRDA:13,1,0,0
BRDA:13,2,0,15
BRDA:15,3,0,15
BRDA:15,3,1,12
BRDA:32,4,0,0
BRDA:32,4,1,5
BRDA:49,5,0,0
BRDA:49,5,1,0
BRDA:65,6,0,151
BRDA:65,6,1,31
BRDA:77,7,0,5
BRDA:77,7,1,10
BRDA:79,8,0,3
BRDA:79,8,1,12
BRDA:80,9,0,3
BRDA:80,9,1,12
BRDA:82,10,0,15
BRDA:82,10,1,0
BRDA:86,11,0,15
BRDA:86,11,1,5
BRDA:97,12,0,0
BRDA:97,12,1,5
BRDA:98,13,0,0
BRDA:98,13,1,5
BRDA:133,14,0,155
BRDA:133,14,1,151
BRDA:136,15,0,1
BRDA:136,15,1,150
BRF:29
BRH:21
end_of_record
TN:
SF:src/components/Layout.tsx
FN:16,(anonymous_7)
FN:20,(anonymous_8)
FN:21,(anonymous_9)
FN:21,(anonymous_10)
FN:87,(anonymous_11)
FNF:5
FNH:4
FNDA:9,(anonymous_7)
FNDA:7,(anonymous_8)
FNDA:7,(anonymous_9)
FNDA:7,(anonymous_10)
FNDA:0,(anonymous_11)
DA:1,1
DA:2,1
DA:3,1
DA:13,1
DA:14,1
DA:16,1
DA:17,9
DA:18,9
DA:20,9
DA:21,7
DA:22,7
DA:23,7
DA:24,5
DA:26,1
DA:29,7
DA:32,9
DA:87,0
DA:152,1
LF:18
LH:17
BRDA:91,0,0,2
BRDA:91,0,1,7
BRDA:95,1,0,9
BRDA:95,1,1,0
BRDA:104,2,0,0
BRDA:104,2,1,0
BRDA:107,3,0,0
BRDA:107,3,1,0
BRDA:108,4,0,0
BRDA:108,4,1,0
BRDA:108,5,0,0
BRDA:108,5,1,0
BRDA:108,6,0,0
BRDA:108,6,1,0
BRF:14
BRH:3
end_of_record
TN:
SF:src/components/MultiSelect.tsx
FN:12,(anonymous_0)
FN:16,(anonymous_1)
FN:17,(anonymous_2)
FN:24,(anonymous_3)
FN:27,(anonymous_4)
FN:29,(anonymous_5)
FN:41,(anonymous_6)
FN:59,(anonymous_7)
FN:62,(anonymous_8)
FNF:9
FNH:8
FNDA:15,(anonymous_0)
FNDA:9,(anonymous_1)
FNDA:1,(anonymous_2)
FNDA:9,(anonymous_3)
FNDA:1,(anonymous_4)
FNDA:0,(anonymous_5)
FNDA:5,(anonymous_6)
FNDA:12,(anonymous_7)
FNDA:1,(anonymous_8)
DA:1,1
DA:2,1
DA:3,1
DA:12,1
DA:13,15
DA:14,15
DA:16,15
DA:17,9
DA:18,1
DA:19,1
DA:23,9
DA:24,9
DA:27,15
DA:28,1
DA:29,0
DA:31,1
DA:34,15
DA:38,15
DA:41,5
DA:60,12
DA:62,1
DA:80,1
LF:22
LH:21
BRDA:12,0,0,0
BRDA:18,1,0,1
BRDA:18,2,0,1
BRDA:18,2,1,1
BRDA:28,3,0,0
BRDA:28,3,1,1
BRDA:34,4,0,5
BRDA:34,4,1,10
BRDA:42,5,0,5
BRDA:42,5,1,10
BRDA:44,6,0,5
BRDA:44,6,1,10
BRDA:47,7,0,5
BRDA:47,7,1,10
BRDA:51,8,0,15
BRDA:51,8,1,5
BRDA:66,9,0,1
BRDA:66,9,1,11
BRDA:68,10,0,12
BRDA:68,10,1,1
BRF:20
BRH:18
end_of_record
TN:
SF:src/services/api.ts
FN:47,(anonymous_8)
FN:47,(anonymous_9)
FN:52,(anonymous_10)
FN:52,(anonymous_11)
FN:57,(anonymous_12)
FN:57,(anonymous_13)
FNF:6
FNH:6
FNDA:1,(anonymous_8)
FNDA:1,(anonymous_9)
FNDA:2,(anonymous_10)
FNDA:2,(anonymous_11)
FNDA:2,(anonymous_12)
FNDA:2,(anonymous_13)
DA:1,1
DA:3,1
DA:5,1
DA:47,1
DA:48,1
DA:49,0
DA:52,2
DA:53,2
DA:54,0
DA:57,2
DA:58,2
DA:59,0
LF:12
LH:9
BRF:0
BRH:0
end_of_record
