TN:
SF:src/assets/icons.tsx
FN:3,MainStackLogo
FN:21,HomeIcon
FN:54,RevenueIcon
FN:87,AnalyticsIcon
FN:120,MenuIcon
FN:153,AppIcon
FN:186,CRMIcon
FN:219,ChatIcon
FN:253,BellIcon
FN:287,ReceiptIcon
FN:333,LinkIcon
FN:404,AppBarIcon
FN:471,InvoiceIcon
FN:538,StoreIcon
FNF:14
FNH:11
FNDA:13,MainStackLogo
FNDA:13,HomeIcon
FNDA:13,RevenueIcon
FNDA:13,AnalyticsIcon
FNDA:13,MenuIcon
FNDA:13,AppIcon
FNDA:13,CRMIcon
FNDA:0,ChatIcon
FNDA:0,BellIcon
FNDA:0,ReceiptIcon
FNDA:13,LinkIcon
FNDA:13,AppBarIcon
FNDA:13,InvoiceIcon
FNDA:13,StoreIcon
DA:3,1
DA:4,13
DA:21,1
DA:22,13
DA:54,1
DA:55,13
DA:87,1
DA:88,13
DA:120,1
DA:121,13
DA:153,1
DA:154,13
DA:186,1
DA:187,13
DA:219,1
DA:220,0
DA:253,1
DA:254,0
DA:287,1
DA:288,0
DA:333,1
DA:334,13
DA:404,1
DA:405,13
DA:471,1
DA:472,13
DA:538,1
DA:539,13
LF:28
LH:25
BRF:0
BRH:0
end_of_record
TN:
SF:src/components/DatePicker.tsx
FN:13,(anonymous_0)
FN:24,(anonymous_1)
FN:47,(anonymous_2)
FN:57,(anonymous_3)
FN:64,(anonymous_4)
FN:68,(anonymous_5)
FN:77,(anonymous_6)
FN:106,(anonymous_7)
FN:116,(anonymous_8)
FN:124,(anonymous_9)
FN:132,(anonymous_10)
FN:139,(anonymous_11)
FNF:12
FNH:11
FNDA:24,(anonymous_0)
FNDA:9,(anonymous_1)
FNDA:1,(anonymous_2)
FNDA:3,(anonymous_3)
FNDA:270,(anonymous_4)
FNDA:1,(anonymous_5)
FNDA:9,(anonymous_6)
FNDA:1,(anonymous_7)
FNDA:0,(anonymous_8)
FNDA:63,(anonymous_9)
FNDA:285,(anonymous_10)
FNDA:1,(anonymous_11)
DA:1,1
DA:2,1
DA:3,1
DA:13,1
DA:14,24
DA:15,24
DA:17,24
DA:22,24
DA:24,24
DA:25,9
DA:26,9
DA:27,9
DA:28,9
DA:29,9
DA:32,9
DA:35,9
DA:36,15
DA:40,9
DA:41,270
DA:44,9
DA:47,24
DA:48,1
DA:49,1
DA:50,1
DA:52,0
DA:54,1
DA:57,24
DA:58,3
DA:59,3
DA:60,3
DA:61,3
DA:64,24
DA:65,270
DA:68,24
DA:69,1
DA:70,1
DA:73,24
DA:77,9
DA:106,1
DA:116,0
DA:125,63
DA:133,285
DA:139,1
DA:155,1
LF:44
LH:42
BRDA:13,0,0,23
BRDA:13,1,0,23
BRDA:13,2,0,22
BRDA:15,3,0,24
BRDA:15,3,1,21
BRDA:32,4,0,0
BRDA:32,4,1,9
BRDA:49,5,0,1
BRDA:49,5,1,0
BRDA:65,6,0,270
BRDA:65,6,1,29
BRDA:78,7,0,9
BRDA:78,7,1,15
BRDA:80,8,0,3
BRDA:80,8,1,21
BRDA:81,9,0,3
BRDA:81,9,1,21
BRDA:83,10,0,23
BRDA:83,10,1,1
BRDA:87,11,0,24
BRDA:87,11,1,9
BRDA:99,12,0,1
BRDA:99,12,1,8
BRDA:100,13,0,1
BRDA:100,13,1,8
BRDA:137,14,0,285
BRDA:137,14,1,270
BRDA:140,15,0,1
BRDA:140,15,1,269
BRF:29
BRH:27
end_of_record
TN:
SF:src/components/Layout.tsx
FN:16,(anonymous_7)
FN:20,(anonymous_8)
FN:21,(anonymous_9)
FN:21,(anonymous_10)
FN:87,(anonymous_11)
FNF:5
FNH:5
FNDA:13,(anonymous_7)
FNDA:8,(anonymous_8)
FNDA:8,(anonymous_9)
FNDA:8,(anonymous_10)
FNDA:2,(anonymous_11)
DA:1,1
DA:2,1
DA:3,1
DA:13,1
DA:14,1
DA:16,1
DA:17,13
DA:18,13
DA:20,13
DA:21,8
DA:22,8
DA:23,8
DA:24,6
DA:26,1
DA:29,8
DA:32,13
DA:87,2
DA:153,1
LF:18
LH:18
BRDA:92,0,0,5
BRDA:92,0,1,8
BRDA:96,1,0,13
BRDA:96,1,1,1
BRDA:105,2,0,1
BRDA:105,2,1,0
BRDA:108,3,0,1
BRDA:108,3,1,0
BRDA:109,4,0,1
BRDA:109,4,1,0
BRDA:109,5,0,0
BRDA:109,5,1,1
BRDA:109,6,0,1
BRDA:109,6,1,1
BRF:14
BRH:10
end_of_record
TN:
SF:src/components/MultiSelect.tsx
FN:12,(anonymous_0)
FN:16,(anonymous_1)
FN:17,(anonymous_2)
FN:24,(anonymous_3)
FN:27,(anonymous_4)
FN:29,(anonymous_5)
FN:41,(anonymous_6)
FN:59,(anonymous_7)
FN:62,(anonymous_8)
FNF:9
FNH:8
FNDA:15,(anonymous_0)
FNDA:9,(anonymous_1)
FNDA:1,(anonymous_2)
FNDA:9,(anonymous_3)
FNDA:1,(anonymous_4)
FNDA:0,(anonymous_5)
FNDA:5,(anonymous_6)
FNDA:12,(anonymous_7)
FNDA:1,(anonymous_8)
DA:1,1
DA:2,1
DA:3,1
DA:12,1
DA:13,15
DA:14,15
DA:16,15
DA:17,9
DA:18,1
DA:19,1
DA:23,9
DA:24,9
DA:27,15
DA:28,1
DA:29,0
DA:31,1
DA:34,15
DA:38,15
DA:41,5
DA:60,12
DA:62,1
DA:80,1
LF:22
LH:21
BRDA:12,0,0,0
BRDA:18,1,0,1
BRDA:18,2,0,1
BRDA:18,2,1,1
BRDA:28,3,0,0
BRDA:28,3,1,1
BRDA:34,4,0,5
BRDA:34,4,1,10
BRDA:42,5,0,5
BRDA:42,5,1,10
BRDA:44,6,0,5
BRDA:44,6,1,10
BRDA:47,7,0,5
BRDA:47,7,1,10
BRDA:51,8,0,15
BRDA:51,8,1,5
BRDA:66,9,0,1
BRDA:66,9,1,11
BRDA:68,10,0,12
BRDA:68,10,1,1
BRF:20
BRH:18
end_of_record
TN:
SF:src/services/api.ts
FN:47,(anonymous_8)
FN:47,(anonymous_9)
FN:52,(anonymous_10)
FN:52,(anonymous_11)
FN:57,(anonymous_12)
FN:57,(anonymous_13)
FNF:6
FNH:6
FNDA:2,(anonymous_8)
FNDA:2,(anonymous_9)
FNDA:2,(anonymous_10)
FNDA:2,(anonymous_11)
FNDA:3,(anonymous_12)
FNDA:3,(anonymous_13)
DA:1,1
DA:3,1
DA:5,1
DA:47,2
DA:48,2
DA:49,0
DA:52,2
DA:53,2
DA:54,0
DA:57,3
DA:58,3
DA:59,0
LF:12
LH:9
BRF:0
BRH:0
end_of_record
